#
# There is insufficient memory for the Java Runtime Environment to continue.
# Native memory allocation (mmap) failed to map 266338304 bytes for G1 virtual space
# Possible reasons:
#   The system is out of physical RAM or swap space
#   The process is running with CompressedOops enabled, and the Java Heap may be blocking the growth of the native heap
# Possible solutions:
#   Reduce memory load on the system
#   Increase physical memory or swap space
#   Check if swap backing store is full
#   Decrease Java heap size (-Xmx/-Xms)
#   Decrease number of Java threads
#   Decrease Java thread stack sizes (-Xss)
#   Set larger code cache with -XX:ReservedCodeCacheSize=
#   JVM is running with Zero Based Compressed Oops mode in which the Java heap is
#     placed in the first 32GB address space. The Java Heap base address is the
#     maximum limit for the native heap growth. Please use -XX:HeapBaseMinAddress
#     to set the Java Heap base and to place the Java Heap above 32GB virtual address.
# This output file may be truncated or incomplete.
#
#  Out of Memory Error (os_windows.cpp:3769), pid=21284, tid=7204
#
# JRE version:  (17.0.6) (build )
# Java VM: OpenJDK 64-Bit Server VM (17.0.6+0-b2043.56-10027231, mixed mode, sharing, tiered, compressed oops, compressed class ptrs, g1 gc, windows-amd64)
# No core dump will be written. Minidumps are not enabled by default on client versions of Windows
#

---------------  S U M M A R Y ------------

Command Line: org.jetbrains.kotlin.cli.jvm.K2JVMCompiler @C:\Users\hsr49\AndroidStudioProjects\Reynosaapp\app\build\20231129_1520937237209279835.compiler.options

Host: AMD Ryzen 5 5600G with Radeon Graphics         , 12 cores, 15G,  Windows 11 , 64 bit Build 22621 (10.0.22621.2506)
Time: Wed Nov 29 22:41:44 2023 Central Standard Time elapsed time: 0.072399 seconds (0d 0h 0m 0s)

---------------  T H R E A D  ---------------

Current thread (0x00000218a8817150):  JavaThread "Unknown thread" [_thread_in_vm, id=7204, stack(0x000000ed2d600000,0x000000ed2d700000)]

Stack: [0x000000ed2d600000,0x000000ed2d700000]
Native frames: (J=compiled Java code, j=interpreted, Vv=VM code, C=native code)
V  [jvm.dll+0x683c9a]
V  [jvm.dll+0x8427a4]
V  [jvm.dll+0x843f9e]
V  [jvm.dll+0x844603]
V  [jvm.dll+0x249b75]
V  [jvm.dll+0x680b69]
V  [jvm.dll+0x67505a]
V  [jvm.dll+0x309acb]
V  [jvm.dll+0x310f86]
V  [jvm.dll+0x3608ee]
V  [jvm.dll+0x360b1f]
V  [jvm.dll+0x2dfbf8]
V  [jvm.dll+0x2e0b64]
V  [jvm.dll+0x814091]
V  [jvm.dll+0x36e6a1]
V  [jvm.dll+0x7f35cc]
V  [jvm.dll+0x3f0e8f]
V  [jvm.dll+0x3f29d1]
C  [jli.dll+0x526b]
C  [ucrtbase.dll+0x29363]
C  [KERNEL32.DLL+0x1257d]
C  [ntdll.dll+0x5aa58]


---------------  P R O C E S S  ---------------

Threads class SMR info:
_java_thread_list=0x00007fffff94c058, length=0, elements={
}

Java Threads: ( => current thread )

Other Threads:
  0x00000218a8884470 GCTaskThread "GC Thread#0" [stack: 0x000000ed2d700000,0x000000ed2d800000] [id=8828]
  0x00000218a8895170 ConcurrentGCThread "G1 Main Marker" [stack: 0x000000ed2d800000,0x000000ed2d900000] [id=3076]
  0x00000218a8896320 ConcurrentGCThread "G1 Conc#0" [stack: 0x000000ed2d900000,0x000000ed2da00000] [id=15004]

[error occurred during error reporting (printing all threads), id 0xc0000005, EXCEPTION_ACCESS_VIOLATION (0xc0000005) at pc=0x00007fffff100797]

VM state: not at safepoint (not fully initialized)

VM Mutex/Monitor currently owned by a thread:  ([mutex/lock_event])
[0x00000218a8814230] Heap_lock - owner thread: 0x00000218a8817150

Heap address: 0x0000000702400000, size: 4060 MB, Compressed Oops mode: Zero based, Oop shift amount: 3

CDS archive(s) mapped at: [0x0000000000000000-0x0000000000000000-0x0000000000000000), size 0, SharedBaseAddress: 0x0000000800000000, ArchiveRelocationMode: 0.
Narrow klass base: 0x0000000000000000, Narrow klass shift: 0, Narrow klass range: 0x0

GC Precious Log:
<Empty>

Heap:
 garbage-first heap   total 0K, used 0K [0x0000000702400000, 0x0000000800000000)
  region size 2048K, 0 young (0K), 0 survivors (0K)

[error occurred during error reporting (printing heap information), id 0xc0000005, EXCEPTION_ACCESS_VIOLATION (0xc0000005) at pc=0x00007fffff4eda89]

GC Heap History (0 events):
No events

Dll operation events (1 events):
Event: 0.004 Loaded shared library C:\Program Files\Android\Android Studio\jbr\bin\java.dll

Deoptimization events (0 events):
No events

Classes unloaded (0 events):
No events

Classes redefined (0 events):
No events

Internal exceptions (0 events):
No events

VM Operations (0 events):
No events

Events (0 events):
No events


Dynamic libraries:
0x00007ff7ec730000 - 0x00007ff7ec73a000 	C:\Program Files\Android\Android Studio\jbr\bin\java.exe
0x00007ff840c30000 - 0x00007ff840e47000 	C:\Windows\SYSTEM32\ntdll.dll
0x00007ff83fd80000 - 0x00007ff83fe44000 	C:\Windows\System32\KERNEL32.DLL
0x00007ff83e140000 - 0x00007ff83e4e5000 	C:\Windows\System32\KERNELBASE.dll
0x00007ff83e020000 - 0x00007ff83e131000 	C:\Windows\System32\ucrtbase.dll
0x00007ff8221c0000 - 0x00007ff8221d7000 	C:\Program Files\Android\Android Studio\jbr\bin\jli.dll
0x00007ff838cf0000 - 0x00007ff838d0b000 	C:\Program Files\Android\Android Studio\jbr\bin\VCRUNTIME140.dll
0x00007ff83ea60000 - 0x00007ff83ec0e000 	C:\Windows\System32\USER32.dll
0x00007ff83e5b0000 - 0x00007ff83e5d6000 	C:\Windows\System32\win32u.dll
0x00007ff83d160000 - 0x00007ff83d3f3000 	C:\Windows\WinSxS\amd64_microsoft.windows.common-controls_6595b64144ccf1df_6.0.22621.2506_none_270c5ae97388e100\COMCTL32.dll
0x00007ff840920000 - 0x00007ff840949000 	C:\Windows\System32\GDI32.dll
0x00007ff83ec10000 - 0x00007ff83ecb7000 	C:\Windows\System32\msvcrt.dll
0x00007ff83e860000 - 0x00007ff83e979000 	C:\Windows\System32\gdi32full.dll
0x00007ff83e750000 - 0x00007ff83e7ea000 	C:\Windows\System32\msvcp_win.dll
0x00007ff8402a0000 - 0x00007ff8402d1000 	C:\Windows\System32\IMM32.DLL
0x00007ff8390b0000 - 0x00007ff8390bc000 	C:\Program Files\Android\Android Studio\jbr\bin\vcruntime140_1.dll
0x00007ff80dc50000 - 0x00007ff80dcdd000 	C:\Program Files\Android\Android Studio\jbr\bin\msvcp140.dll
0x00007ffffee10000 - 0x00007fffffa7e000 	C:\Program Files\Android\Android Studio\jbr\bin\server\jvm.dll
0x00007ff8409c0000 - 0x00007ff840a71000 	C:\Windows\System32\ADVAPI32.dll
0x00007ff83eec0000 - 0x00007ff83ef66000 	C:\Windows\System32\sechost.dll
0x00007ff840800000 - 0x00007ff840917000 	C:\Windows\System32\RPCRT4.dll
0x00007ff82ed40000 - 0x00007ff82ed74000 	C:\Windows\SYSTEM32\WINMM.dll
0x00007ff838120000 - 0x00007ff838129000 	C:\Windows\SYSTEM32\WSOCK32.dll
0x00007ff836480000 - 0x00007ff83648a000 	C:\Windows\SYSTEM32\VERSION.dll
0x00007ff840220000 - 0x00007ff840291000 	C:\Windows\System32\WS2_32.dll
0x00007ff83c8c0000 - 0x00007ff83c8d8000 	C:\Windows\SYSTEM32\kernel.appcore.dll
0x00007ff838ca0000 - 0x00007ff838caa000 	C:\Program Files\Android\Android Studio\jbr\bin\jimage.dll
0x00007ff83d820000 - 0x00007ff83da53000 	C:\Windows\SYSTEM32\DBGHELP.DLL
0x00007ff8402e0000 - 0x00007ff840669000 	C:\Windows\System32\combase.dll
0x00007ff83e980000 - 0x00007ff83ea57000 	C:\Windows\System32\OLEAUT32.dll
0x00007ff83d6e0000 - 0x00007ff83d712000 	C:\Windows\SYSTEM32\dbgcore.DLL
0x00007ff83dfa0000 - 0x00007ff83e01a000 	C:\Windows\System32\bcryptPrimitives.dll
0x00007ff822cd0000 - 0x00007ff822cf5000 	C:\Program Files\Android\Android Studio\jbr\bin\java.dll

dbghelp: loaded successfully - version: 4.0.5 - missing functions: none
symbol engine: initialized successfully - sym options: 0x614 - pdb path: .;C:\Program Files\Android\Android Studio\jbr\bin;C:\Windows\SYSTEM32;C:\Windows\WinSxS\amd64_microsoft.windows.common-controls_6595b64144ccf1df_6.0.22621.2506_none_270c5ae97388e100;C:\Program Files\Android\Android Studio\jbr\bin\server

VM Arguments:
java_command: org.jetbrains.kotlin.cli.jvm.K2JVMCompiler @C:\Users\hsr49\AndroidStudioProjects\Reynosaapp\app\build\20231129_1520937237209279835.compiler.options
java_class_path (initial): C:\Users\hsr49\.gradle\caches\modules-2\files-2.1\org.jetbrains.kotlin\kotlin-compiler-embeddable\1.8.10\b0757fd774344d54ce93f5ad6c30ba1c1731c8ff\kotlin-compiler-embeddable-1.8.10.jar;C:\Users\hsr49\.gradle\caches\modules-2\files-2.1\org.jetbrains.kotlin\kotlin-stdlib\1.8.10\6d5560a229477df9406943d5feda5618e98eb64c\kotlin-stdlib-1.8.10.jar;C:\Users\hsr49\.gradle\caches\modules-2\files-2.1\org.jetbrains.kotlin\kotlin-script-runtime\1.8.10\b13ea9c7e46d589139e56086a878763290e20bd5\kotlin-script-runtime-1.8.10.jar;C:\Users\hsr49\.gradle\caches\modules-2\files-2.1\org.jetbrains.kotlin\kotlin-reflect\1.6.10\1cbe9c92c12a94eea200d23c2bbaedaf3daf5132\kotlin-reflect-1.6.10.jar;C:\Users\hsr49\.gradle\caches\modules-2\files-2.1\org.jetbrains.kotlin\kotlin-daemon-embeddable\1.8.10\ad8541d9bc1cf9e52c3204161247910c2cf601d4\kotlin-daemon-embeddable-1.8.10.jar;C:\Users\hsr49\.gradle\caches\modules-2\files-2.1\org.jetbrains.intellij.deps\trove4j\1.0.20200330\3afb14d5f9ceb459d724e907a21145e8ff394f02\trove4j-1.0.20200330.jar;C:\Users\hsr49\.gradle\caches\modules-2\files-2.1\net.java.dev.jna\jna\5.6.0\330f2244e9030119ab3030fc3fededc86713d9cc\jna-5.6.0.jar;C:\Users\hsr49\.gradle\caches\modules-2\files-2.1\org.jetbrains.kotlin\kotlin-stdlib-common\1.8.10\a61b182458550492c12aee66157d7b524a63a5ec\kotlin-stdlib-common-1.8.10.jar;C:\Users\hsr49\.gradle\caches\modules-2\files-2.1\org.jetbrains\annotations\13.0\919f0dfe192fb4e063e7dacadee7f8bb9a2672a9\annotations-13.0.jar
Launcher Type: SUN_STANDARD

[Global flags]
     intx CICompilerCount                          = 4                                         {product} {ergonomic}
     uint ConcGCThreads                            = 3                                         {product} {ergonomic}
     uint G1ConcRefinementThreads                  = 10                                        {product} {ergonomic}
   size_t G1HeapRegionSize                         = 2097152                                   {product} {ergonomic}
    uintx GCDrainStackTargetSize                   = 64                                        {product} {ergonomic}
   size_t InitialHeapSize                          = 266338304                                 {product} {ergonomic}
   size_t MarkStackSize                            = 4194304                                   {product} {ergonomic}
   size_t MaxHeapSize                              = 4257218560                                {product} {ergonomic}
   size_t MinHeapDeltaBytes                        = 2097152                                   {product} {ergonomic}
   size_t MinHeapSize                              = 8388608                                   {product} {ergonomic}
    uintx NonNMethodCodeHeapSize                   = 5839372                                {pd product} {ergonomic}
    uintx NonProfiledCodeHeapSize                  = 122909434                              {pd product} {ergonomic}
    uintx ProfiledCodeHeapSize                     = 122909434                              {pd product} {ergonomic}
    uintx ReservedCodeCacheSize                    = 251658240                              {pd product} {ergonomic}
     bool SegmentedCodeCache                       = true                                      {product} {ergonomic}
   size_t SoftMaxHeapSize                          = 4257218560                             {manageable} {ergonomic}
     bool UseCompressedClassPointers               = true                           {product lp64_product} {ergonomic}
     bool UseCompressedOops                        = true                           {product lp64_product} {ergonomic}
     bool UseG1GC                                  = true                                      {product} {ergonomic}
     bool UseLargePagesIndividualAllocation        = false                                  {pd product} {ergonomic}

Logging:
Log output configuration:
 #0: stdout all=warning uptime,level,tags
 #1: stderr all=off uptime,level,tags

Environment Variables:
PATH=C:\Program Files (x86)\Common Files\Oracle\Java\javapath;C:\Program Files (x86)\NVIDIA Corporation\PhysX\Common;C:\Windows\system32;C:\Windows;C:\Windows\System32\Wbem;C:\Windows\System32\WindowsPowerShell\v1.0\;C:\Windows\System32\OpenSSH\;C:\Program Files\Git\cmd;C:\Program Files\nodejs\;C:\Users\hsr49\AppData\Local\Microsoft\WindowsApps;;C:\Users\hsr49\AppData\Local\Programs\Microsoft VS Code\bin;C:\Users\hsr49\AppData\Roaming\npm
USERNAME=hsr49
OS=Windows_NT
PROCESSOR_IDENTIFIER=AMD64 Family 25 Model 80 Stepping 0, AuthenticAMD
TMP=C:\Users\hsr49\AppData\Local\Temp
TEMP=C:\Users\hsr49\AppData\Local\Temp


JNI global refs:

[error occurred during error reporting (JNI global references), id 0xc0000005, EXCEPTION_ACCESS_VIOLATION (0xc0000005) at pc=0x00007ffffeec7a10]


---------------  S Y S T E M  ---------------

OS:
 Windows 11 , 64 bit Build 22621 (10.0.22621.2506)
OS uptime: 6 days 3:19 hours

CPU: total 12 (initial active 12) (12 cores per cpu, 2 threads per core) family 25 model 80 stepping 0 microcode 0x0, cx8, cmov, fxsr, ht, mmx, 3dnowpref, sse, sse2, sse3, ssse3, sse4a, sse4.1, sse4.2, popcnt, lzcnt, tsc, tscinvbit, avx, avx2, aes, erms, clmul, bmi1, bmi2, adx, sha, fma, vzeroupper, clflush, clflushopt

Memory: 4k page, system-wide physical 16232M (5337M free)
TotalPageFile size 65384M (AvailPageFile size 227M)
current process WorkingSet (physical memory assigned to process): 11M, peak: 11M
current process commit charge ("private bytes"): 64M, peak: 318M

vm_info: OpenJDK 64-Bit Server VM (17.0.6+0-b2043.56-10027231) for windows-amd64 JRE (17.0.6+0-b2043.56-10027231), built on Apr 28 2023 00:43:19 by "androidbuild" with MS VC++ 16.10 / 16.11 (VS2019)

END.
