#
# There is insufficient memory for the Java Runtime Environment to continue.
# Native memory allocation (malloc) failed to allocate 789616 bytes for Chunk::new
# Possible reasons:
#   The system is out of physical RAM or swap space
#   The process is running with CompressedOops enabled, and the Java Heap may be blocking the growth of the native heap
# Possible solutions:
#   Reduce memory load on the system
#   Increase physical memory or swap space
#   Check if swap backing store is full
#   Decrease Java heap size (-Xmx/-Xms)
#   Decrease number of Java threads
#   Decrease Java thread stack sizes (-Xss)
#   Set larger code cache with -XX:ReservedCodeCacheSize=
#   JVM is running with Zero Based Compressed Oops mode in which the Java heap is
#     placed in the first 32GB address space. The Java Heap base address is the
#     maximum limit for the native heap growth. Please use -XX:HeapBaseMinAddress
#     to set the Java Heap base and to place the Java Heap above 32GB virtual address.
# This output file may be truncated or incomplete.
#
#  Out of Memory Error (arena.cpp:189), pid=10916, tid=8056
#
# JRE version: OpenJDK Runtime Environment (17.0.6) (build 17.0.6+0-b2043.56-10027231)
# Java VM: OpenJDK 64-Bit Server VM (17.0.6+0-b2043.56-10027231, mixed mode, tiered, compressed oops, compressed class ptrs, g1 gc, windows-amd64)
# No core dump will be written. Minidumps are not enabled by default on client versions of Windows
#

---------------  S U M M A R Y ------------

Command Line: org.jetbrains.kotlin.cli.jvm.K2JVMCompiler @C:\Users\hsr49\AndroidStudioProjects\Reynosaapp\app\build\20231129_3034688446137918686.compiler.options

Host: AMD Ryzen 5 5600G with Radeon Graphics         , 12 cores, 15G,  Windows 11 , 64 bit Build 22621 (10.0.22621.2506)
Time: Wed Nov 29 22:44:53 2023 Central Standard Time elapsed time: 4.063158 seconds (0d 0h 0m 4s)

---------------  T H R E A D  ---------------

Current thread (0x0000021cec617950):  JavaThread "C2 CompilerThread2" daemon [_thread_in_native, id=8056, stack(0x0000008701f00000,0x0000008702000000)]


Current CompileTask:
C2:   4063 8532       4       org.jetbrains.kotlin.types.TypeUtils::contains (301 bytes)

Stack: [0x0000008701f00000,0x0000008702000000]
Native frames: (J=compiled Java code, j=interpreted, Vv=VM code, C=native code)
V  [jvm.dll+0x683c9a]
V  [jvm.dll+0x8427a4]
V  [jvm.dll+0x843f9e]
V  [jvm.dll+0x844603]
V  [jvm.dll+0x249b75]
V  [jvm.dll+0xabcac]
V  [jvm.dll+0xac27c]
V  [jvm.dll+0x2b0eef]
V  [jvm.dll+0x58a267]
V  [jvm.dll+0x2243b2]
V  [jvm.dll+0x22478f]
V  [jvm.dll+0x21e055]
V  [jvm.dll+0x21b51b]
V  [jvm.dll+0x1a4fdd]
V  [jvm.dll+0x22b098]
V  [jvm.dll+0x229159]
V  [jvm.dll+0x7f81ec]
V  [jvm.dll+0x7f274a]
V  [jvm.dll+0x682ad5]
C  [ucrtbase.dll+0x29363]
C  [KERNEL32.DLL+0x1257d]
C  [ntdll.dll+0x5aa58]


---------------  P R O C E S S  ---------------

Threads class SMR info:
_java_thread_list=0x0000021cf0006960, length=14, elements={
0x0000021cccb770c0, 0x0000021cec44c3c0, 0x0000021cec44d230, 0x0000021cec4a5550,
0x0000021cec4a6000, 0x0000021cec4a6db0, 0x0000021cec49d090, 0x0000021cec49e290,
0x0000021cec4a01b0, 0x0000021cec4a0ba0, 0x0000021cec6144f0, 0x0000021cec61ce00,
0x0000021cec618370, 0x0000021cec617950
}

Java Threads: ( => current thread )
  0x0000021cccb770c0 JavaThread "main" [_thread_in_Java, id=21660, stack(0x0000008700600000,0x0000008700700000)]
  0x0000021cec44c3c0 JavaThread "Reference Handler" daemon [_thread_blocked, id=18676, stack(0x0000008700d00000,0x0000008700e00000)]
  0x0000021cec44d230 JavaThread "Finalizer" daemon [_thread_blocked, id=13020, stack(0x0000008700e00000,0x0000008700f00000)]
  0x0000021cec4a5550 JavaThread "Signal Dispatcher" daemon [_thread_blocked, id=14100, stack(0x0000008700f00000,0x0000008701000000)]
  0x0000021cec4a6000 JavaThread "Attach Listener" daemon [_thread_blocked, id=14612, stack(0x0000008701000000,0x0000008701100000)]
  0x0000021cec4a6db0 JavaThread "Service Thread" daemon [_thread_blocked, id=2024, stack(0x0000008701100000,0x0000008701200000)]
  0x0000021cec49d090 JavaThread "Monitor Deflation Thread" daemon [_thread_blocked, id=23984, stack(0x0000008701200000,0x0000008701300000)]
  0x0000021cec49e290 JavaThread "C2 CompilerThread0" daemon [_thread_in_native, id=9788, stack(0x0000008701300000,0x0000008701400000)]
  0x0000021cec4a01b0 JavaThread "C1 CompilerThread0" daemon [_thread_in_native, id=8700, stack(0x0000008701400000,0x0000008701500000)]
  0x0000021cec4a0ba0 JavaThread "Sweeper thread" daemon [_thread_blocked, id=21384, stack(0x0000008701500000,0x0000008701600000)]
  0x0000021cec6144f0 JavaThread "Notification Thread" daemon [_thread_blocked, id=22644, stack(0x0000008701600000,0x0000008701700000)]
  0x0000021cec61ce00 JavaThread "Common-Cleaner" daemon [_thread_blocked, id=10528, stack(0x0000008701800000,0x0000008701900000)]
  0x0000021cec618370 JavaThread "C2 CompilerThread1" daemon [_thread_in_native, id=7276, stack(0x0000008701900000,0x0000008701a00000)]
=>0x0000021cec617950 JavaThread "C2 CompilerThread2" daemon [_thread_in_native, id=8056, stack(0x0000008701f00000,0x0000008702000000)]

Other Threads:
  0x0000021ceb8e9c70 VMThread "VM Thread" [stack: 0x0000008700c00000,0x0000008700d00000] [id=3140]
  0x0000021cccbfce10 WatcherThread [stack: 0x0000008701700000,0x0000008701800000] [id=20936]
  0x0000021cccbe44d0 GCTaskThread "GC Thread#0" [stack: 0x0000008700700000,0x0000008700800000] [id=12012]
  0x0000021cecbe2920 GCTaskThread "GC Thread#1" [stack: 0x0000008701a00000,0x0000008701b00000] [id=19016]
  0x0000021cecbe2bd0 GCTaskThread "GC Thread#2" [stack: 0x0000008701b00000,0x0000008701c00000] [id=15220]
  0x0000021cecc70b10 GCTaskThread "GC Thread#3" [stack: 0x0000008701c00000,0x0000008701d00000] [id=2156]
  0x0000021cecc70dc0 GCTaskThread "GC Thread#4" [stack: 0x0000008701d00000,0x0000008701e00000] [id=13248]
  0x0000021cecc71070 GCTaskThread "GC Thread#5" [stack: 0x0000008701e00000,0x0000008701f00000] [id=5824]
  0x0000021ced9c0100 GCTaskThread "GC Thread#6" [stack: 0x0000008702000000,0x0000008702100000] [id=11900]
  0x0000021ced9bfba0 GCTaskThread "GC Thread#7" [stack: 0x0000008702100000,0x0000008702200000] [id=20800]
  0x0000021ced9c0bc0 GCTaskThread "GC Thread#8" [stack: 0x0000008702200000,0x0000008702300000] [id=11180]
  0x0000021ced9bfe50 GCTaskThread "GC Thread#9" [stack: 0x0000008702300000,0x0000008702400000] [id=13048]
  0x0000021cccbf51d0 ConcurrentGCThread "G1 Main Marker" [stack: 0x0000008700800000,0x0000008700900000] [id=15368]
  0x0000021cccbf5be0 ConcurrentGCThread "G1 Conc#0" [stack: 0x0000008700900000,0x0000008700a00000] [id=17056]
  0x0000021ced9c0e70 ConcurrentGCThread "G1 Conc#1" [stack: 0x0000008702400000,0x0000008702500000] [id=16024]
  0x0000021ced9c0660 ConcurrentGCThread "G1 Conc#2" [stack: 0x0000008702500000,0x0000008702600000] [id=23488]
  0x0000021cccc3dda0 ConcurrentGCThread "G1 Refine#0" [stack: 0x0000008700a00000,0x0000008700b00000] [id=6136]
  0x0000021cf18ca4e0 ConcurrentGCThread "G1 Refine#1" [stack: 0x0000008702600000,0x0000008702700000] [id=1608]
  0x0000021cf0800e80 ConcurrentGCThread "G1 Refine#2" [stack: 0x0000008702700000,0x0000008702800000] [id=3372]
  0x0000021cf0b13e60 ConcurrentGCThread "G1 Refine#3" [stack: 0x0000008702800000,0x0000008702900000] [id=16752]
  0x0000021cf0b149e0 ConcurrentGCThread "G1 Refine#4" [stack: 0x0000008702900000,0x0000008702a00000] [id=13468]
  0x0000021cf0b14700 ConcurrentGCThread "G1 Refine#5" [stack: 0x0000008702a00000,0x0000008702b00000] [id=9716]
  0x0000021cf0b15840 ConcurrentGCThread "G1 Refine#6" [stack: 0x0000008702b00000,0x0000008702c00000] [id=1604]
  0x0000021cf0ba5930 ConcurrentGCThread "G1 Refine#7" [stack: 0x0000008702c00000,0x0000008702d00000] [id=17396]
  0x0000021cf0ba6a70 ConcurrentGCThread "G1 Refine#8" [stack: 0x0000008702d00000,0x0000008702e00000] [id=6156]
  0x0000021cccc3e7c0 ConcurrentGCThread "G1 Service" [stack: 0x0000008700b00000,0x0000008700c00000] [id=18048]

Threads with active compile tasks:
C2 CompilerThread0     4074 8554       4       org.jetbrains.kotlin.resolve.calls.components.candidate.ResolutionCandidate::getSystem (80 bytes)
C1 CompilerThread0     4074 8640       3       org.jetbrains.kotlin.resolve.calls.smartcasts.DataFlowInfoImpl::and (239 bytes)
C2 CompilerThread1     4074 8556       4       org.jetbrains.kotlin.types.checker.ClassicTypeSystemContext$DefaultImpls::typeDepth (273 bytes)
C2 CompilerThread2     4074 8532       4       org.jetbrains.kotlin.types.TypeUtils::contains (301 bytes)

VM state: not at safepoint (normal execution)

VM Mutex/Monitor currently owned by a thread:  ([mutex/lock_event])
[0x0000021cccb74620] SystemDictionary_lock - owner thread: 0x0000000000000000

Heap address: 0x0000000702400000, size: 4060 MB, Compressed Oops mode: Zero based, Oop shift amount: 3

CDS archive(s) not mapped
Compressed class space mapped at: 0x0000000800000000-0x0000000840000000, reserved size: 1073741824
Narrow klass base: 0x0000000800000000, Narrow klass shift: 0, Narrow klass range: 0x40000000

GC Precious Log:
 CPUs: 12 total, 12 available
 Memory: 16232M
 Large Page Support: Disabled
 NUMA Support: Disabled
 Compressed Oops: Enabled (Zero based)
 Heap Region Size: 2M
 Heap Min Capacity: 8M
 Heap Initial Capacity: 254M
 Heap Max Capacity: 4060M
 Pre-touch: Disabled
 Parallel Workers: 10
 Concurrent Workers: 3
 Concurrent Refinement Workers: 10
 Periodic GC: Disabled

Heap:
 garbage-first heap   total 202752K, used 70387K [0x0000000702400000, 0x0000000800000000)
  region size 2048K, 5 young (10240K), 1 survivors (2048K)
 Metaspace       used 60318K, committed 60608K, reserved 1105920K
  class space    used 6965K, committed 7104K, reserved 1048576K

Heap Regions: E=young(eden), S=young(survivor), O=old, HS=humongous(starts), HC=humongous(continues), CS=collection set, F=free, OA=open archive, CA=closed archive, TAMS=top-at-mark-start (previous, next)
|   0|0x0000000702400000, 0x0000000702600000, 0x0000000702600000|100%|HS|  |TAMS 0x0000000702600000, 0x0000000702400000| Complete 
|   1|0x0000000702600000, 0x0000000702800000, 0x0000000702800000|100%|HC|  |TAMS 0x0000000702800000, 0x0000000702600000| Complete 
|   2|0x0000000702800000, 0x0000000702a00000, 0x0000000702a00000|100%| O|  |TAMS 0x0000000702a00000, 0x0000000702800000| Untracked 
|   3|0x0000000702a00000, 0x0000000702c00000, 0x0000000702c00000|100%|HS|  |TAMS 0x0000000702c00000, 0x0000000702a00000| Complete 
|   4|0x0000000702c00000, 0x0000000702e00000, 0x0000000702e00000|100%|HC|  |TAMS 0x0000000702e00000, 0x0000000702c00000| Complete 
|   5|0x0000000702e00000, 0x0000000703000000, 0x0000000703000000|100%|HS|  |TAMS 0x0000000703000000, 0x0000000702e00000| Complete 
|   6|0x0000000703000000, 0x0000000703200000, 0x0000000703200000|100%| O|  |TAMS 0x0000000703200000, 0x0000000703000000| Untracked 
|   7|0x0000000703200000, 0x00000007033ba600, 0x0000000703400000| 86%| O|  |TAMS 0x00000007033ba600, 0x0000000703200000| Untracked 
|   8|0x0000000703400000, 0x0000000703600000, 0x0000000703600000|100%| O|  |TAMS 0x0000000703600000, 0x0000000703400000| Untracked 
|   9|0x0000000703600000, 0x0000000703800000, 0x0000000703800000|100%| O|  |TAMS 0x0000000703800000, 0x0000000703600000| Untracked 
|  10|0x0000000703800000, 0x0000000703a00000, 0x0000000703a00000|100%| O|  |TAMS 0x0000000703a00000, 0x0000000703800000| Untracked 
|  11|0x0000000703a00000, 0x0000000703c00000, 0x0000000703c00000|100%| O|  |TAMS 0x0000000703c00000, 0x0000000703a00000| Untracked 
|  12|0x0000000703c00000, 0x0000000703e00000, 0x0000000703e00000|100%| O|  |TAMS 0x0000000703e00000, 0x0000000703c00000| Untracked 
|  13|0x0000000703e00000, 0x0000000704000000, 0x0000000704000000|100%| O|  |TAMS 0x0000000704000000, 0x0000000703e00000| Untracked 
|  14|0x0000000704000000, 0x0000000704200000, 0x0000000704200000|100%| O|  |TAMS 0x0000000704200000, 0x0000000704000000| Untracked 
|  15|0x0000000704200000, 0x0000000704400000, 0x0000000704400000|100%| O|  |TAMS 0x0000000704400000, 0x0000000704200000| Untracked 
|  16|0x0000000704400000, 0x0000000704600000, 0x0000000704600000|100%| O|  |TAMS 0x0000000704600000, 0x0000000704400000| Untracked 
|  17|0x0000000704600000, 0x0000000704800000, 0x0000000704800000|100%| O|  |TAMS 0x0000000704800000, 0x0000000704600000| Untracked 
|  18|0x0000000704800000, 0x0000000704a00000, 0x0000000704a00000|100%| O|  |TAMS 0x0000000704a00000, 0x0000000704800000| Untracked 
|  19|0x0000000704a00000, 0x0000000704c00000, 0x0000000704c00000|100%| O|  |TAMS 0x0000000704c00000, 0x0000000704a00000| Untracked 
|  20|0x0000000704c00000, 0x0000000704e00000, 0x0000000704e00000|100%| O|  |TAMS 0x0000000704e00000, 0x0000000704c00000| Untracked 
|  21|0x0000000704e00000, 0x0000000705000000, 0x0000000705000000|100%| O|  |TAMS 0x0000000705000000, 0x0000000704e00000| Untracked 
|  22|0x0000000705000000, 0x0000000705200000, 0x0000000705200000|100%| O|  |TAMS 0x0000000705200000, 0x0000000705000000| Untracked 
|  23|0x0000000705200000, 0x0000000705400000, 0x0000000705400000|100%| O|  |TAMS 0x0000000705400000, 0x0000000705200000| Untracked 
|  24|0x0000000705400000, 0x0000000705600000, 0x0000000705600000|100%| O|  |TAMS 0x0000000705540200, 0x0000000705400000| Untracked 
|  25|0x0000000705600000, 0x0000000705800000, 0x0000000705800000|100%| O|  |TAMS 0x0000000705600000, 0x0000000705600000| Untracked 
|  26|0x0000000705800000, 0x0000000705a00000, 0x0000000705a00000|100%| O|  |TAMS 0x0000000705800000, 0x0000000705800000| Untracked 
|  27|0x0000000705a00000, 0x0000000705c00000, 0x0000000705c00000|100%| O|  |TAMS 0x0000000705a00000, 0x0000000705a00000| Untracked 
|  28|0x0000000705c00000, 0x0000000705e00000, 0x0000000705e00000|100%| O|  |TAMS 0x0000000705c00000, 0x0000000705c00000| Untracked 
|  29|0x0000000705e00000, 0x0000000706000000, 0x0000000706000000|100%| O|  |TAMS 0x0000000705e00000, 0x0000000705e00000| Untracked 
|  30|0x0000000706000000, 0x000000070611ce00, 0x0000000706200000| 55%| O|  |TAMS 0x0000000706000000, 0x0000000706000000| Untracked 
|  31|0x0000000706200000, 0x0000000706200000, 0x0000000706400000|  0%| F|  |TAMS 0x0000000706200000, 0x0000000706200000| Untracked 
|  32|0x0000000706400000, 0x0000000706400000, 0x0000000706600000|  0%| F|  |TAMS 0x0000000706400000, 0x0000000706400000| Untracked 
|  33|0x0000000706600000, 0x0000000706600000, 0x0000000706800000|  0%| F|  |TAMS 0x0000000706600000, 0x0000000706600000| Untracked 
|  34|0x0000000706800000, 0x0000000706800000, 0x0000000706a00000|  0%| F|  |TAMS 0x0000000706800000, 0x0000000706800000| Untracked 
|  35|0x0000000706a00000, 0x0000000706a00000, 0x0000000706c00000|  0%| F|  |TAMS 0x0000000706a00000, 0x0000000706a00000| Untracked 
|  36|0x0000000706c00000, 0x0000000706c00000, 0x0000000706e00000|  0%| F|  |TAMS 0x0000000706c00000, 0x0000000706c00000| Untracked 
|  37|0x0000000706e00000, 0x0000000706e00000, 0x0000000707000000|  0%| F|  |TAMS 0x0000000706e00000, 0x0000000706e00000| Untracked 
|  38|0x0000000707000000, 0x0000000707000000, 0x0000000707200000|  0%| F|  |TAMS 0x0000000707000000, 0x0000000707000000| Untracked 
|  39|0x0000000707200000, 0x0000000707200000, 0x0000000707400000|  0%| F|  |TAMS 0x0000000707200000, 0x0000000707200000| Untracked 
|  40|0x0000000707400000, 0x0000000707400000, 0x0000000707600000|  0%| F|  |TAMS 0x0000000707400000, 0x0000000707400000| Untracked 
|  41|0x0000000707600000, 0x0000000707600000, 0x0000000707800000|  0%| F|  |TAMS 0x0000000707600000, 0x0000000707600000| Untracked 
|  42|0x0000000707800000, 0x0000000707800000, 0x0000000707a00000|  0%| F|  |TAMS 0x0000000707800000, 0x0000000707800000| Untracked 
|  43|0x0000000707a00000, 0x0000000707a00000, 0x0000000707c00000|  0%| F|  |TAMS 0x0000000707a00000, 0x0000000707a00000| Untracked 
|  44|0x0000000707c00000, 0x0000000707c00000, 0x0000000707e00000|  0%| F|  |TAMS 0x0000000707c00000, 0x0000000707c00000| Untracked 
|  45|0x0000000707e00000, 0x0000000707e00000, 0x0000000708000000|  0%| F|  |TAMS 0x0000000707e00000, 0x0000000707e00000| Untracked 
|  46|0x0000000708000000, 0x0000000708000000, 0x0000000708200000|  0%| F|  |TAMS 0x0000000708000000, 0x0000000708000000| Untracked 
|  47|0x0000000708200000, 0x0000000708200000, 0x0000000708400000|  0%| F|  |TAMS 0x0000000708200000, 0x0000000708200000| Untracked 
|  48|0x0000000708400000, 0x0000000708400000, 0x0000000708600000|  0%| F|  |TAMS 0x0000000708400000, 0x0000000708400000| Untracked 
|  49|0x0000000708600000, 0x0000000708600000, 0x0000000708800000|  0%| F|  |TAMS 0x0000000708600000, 0x0000000708600000| Untracked 
|  50|0x0000000708800000, 0x0000000708800000, 0x0000000708a00000|  0%| F|  |TAMS 0x0000000708800000, 0x0000000708800000| Untracked 
|  51|0x0000000708a00000, 0x0000000708a00000, 0x0000000708c00000|  0%| F|  |TAMS 0x0000000708a00000, 0x0000000708a00000| Untracked 
|  52|0x0000000708c00000, 0x0000000708c00000, 0x0000000708e00000|  0%| F|  |TAMS 0x0000000708c00000, 0x0000000708c00000| Untracked 
|  53|0x0000000708e00000, 0x0000000708e00000, 0x0000000709000000|  0%| F|  |TAMS 0x0000000708e00000, 0x0000000708e00000| Untracked 
|  54|0x0000000709000000, 0x0000000709000000, 0x0000000709200000|  0%| F|  |TAMS 0x0000000709000000, 0x0000000709000000| Untracked 
|  55|0x0000000709200000, 0x0000000709200000, 0x0000000709400000|  0%| F|  |TAMS 0x0000000709200000, 0x0000000709200000| Untracked 
|  56|0x0000000709400000, 0x0000000709400000, 0x0000000709600000|  0%| F|  |TAMS 0x0000000709400000, 0x0000000709400000| Untracked 
|  57|0x0000000709600000, 0x0000000709600000, 0x0000000709800000|  0%| F|  |TAMS 0x0000000709600000, 0x0000000709600000| Untracked 
|  58|0x0000000709800000, 0x0000000709800000, 0x0000000709a00000|  0%| F|  |TAMS 0x0000000709800000, 0x0000000709800000| Untracked 
|  59|0x0000000709a00000, 0x0000000709a00000, 0x0000000709c00000|  0%| F|  |TAMS 0x0000000709a00000, 0x0000000709a00000| Untracked 
|  60|0x0000000709c00000, 0x0000000709c00000, 0x0000000709e00000|  0%| F|  |TAMS 0x0000000709c00000, 0x0000000709c00000| Untracked 
|  61|0x0000000709e00000, 0x0000000709e00000, 0x000000070a000000|  0%| F|  |TAMS 0x0000000709e00000, 0x0000000709e00000| Untracked 
|  62|0x000000070a000000, 0x000000070a000000, 0x000000070a200000|  0%| F|  |TAMS 0x000000070a000000, 0x000000070a000000| Untracked 
|  63|0x000000070a200000, 0x000000070a200000, 0x000000070a400000|  0%| F|  |TAMS 0x000000070a200000, 0x000000070a200000| Untracked 
|  64|0x000000070a400000, 0x000000070a400000, 0x000000070a600000|  0%| F|  |TAMS 0x000000070a400000, 0x000000070a400000| Untracked 
|  65|0x000000070a600000, 0x000000070a600000, 0x000000070a800000|  0%| F|  |TAMS 0x000000070a600000, 0x000000070a600000| Untracked 
|  66|0x000000070a800000, 0x000000070a800000, 0x000000070aa00000|  0%| F|  |TAMS 0x000000070a800000, 0x000000070a800000| Untracked 
|  67|0x000000070aa00000, 0x000000070aa00000, 0x000000070ac00000|  0%| F|  |TAMS 0x000000070aa00000, 0x000000070aa00000| Untracked 
|  68|0x000000070ac00000, 0x000000070ac00000, 0x000000070ae00000|  0%| F|  |TAMS 0x000000070ac00000, 0x000000070ac00000| Untracked 
|  69|0x000000070ae00000, 0x000000070ae00000, 0x000000070b000000|  0%| F|  |TAMS 0x000000070ae00000, 0x000000070ae00000| Untracked 
|  70|0x000000070b000000, 0x000000070b000000, 0x000000070b200000|  0%| F|  |TAMS 0x000000070b000000, 0x000000070b000000| Untracked 
|  71|0x000000070b200000, 0x000000070b200000, 0x000000070b400000|  0%| F|  |TAMS 0x000000070b200000, 0x000000070b200000| Untracked 
|  72|0x000000070b400000, 0x000000070b400000, 0x000000070b600000|  0%| F|  |TAMS 0x000000070b400000, 0x000000070b400000| Untracked 
|  73|0x000000070b600000, 0x000000070b600000, 0x000000070b800000|  0%| F|  |TAMS 0x000000070b600000, 0x000000070b600000| Untracked 
|  74|0x000000070b800000, 0x000000070b800000, 0x000000070ba00000|  0%| F|  |TAMS 0x000000070b800000, 0x000000070b800000| Untracked 
|  75|0x000000070ba00000, 0x000000070ba00000, 0x000000070bc00000|  0%| F|  |TAMS 0x000000070ba00000, 0x000000070ba00000| Untracked 
|  76|0x000000070bc00000, 0x000000070bc00000, 0x000000070be00000|  0%| F|  |TAMS 0x000000070bc00000, 0x000000070bc00000| Untracked 
|  77|0x000000070be00000, 0x000000070be00000, 0x000000070c000000|  0%| F|  |TAMS 0x000000070be00000, 0x000000070be00000| Untracked 
|  78|0x000000070c000000, 0x000000070c000000, 0x000000070c200000|  0%| F|  |TAMS 0x000000070c000000, 0x000000070c000000| Untracked 
|  79|0x000000070c200000, 0x000000070c200000, 0x000000070c400000|  0%| F|  |TAMS 0x000000070c200000, 0x000000070c200000| Untracked 
|  80|0x000000070c400000, 0x000000070c400000, 0x000000070c600000|  0%| F|  |TAMS 0x000000070c400000, 0x000000070c400000| Untracked 
|  81|0x000000070c600000, 0x000000070c600000, 0x000000070c800000|  0%| F|  |TAMS 0x000000070c600000, 0x000000070c600000| Untracked 
|  82|0x000000070c800000, 0x000000070c800000, 0x000000070ca00000|  0%| F|  |TAMS 0x000000070c800000, 0x000000070c800000| Untracked 
|  83|0x000000070ca00000, 0x000000070ca00000, 0x000000070cc00000|  0%| F|  |TAMS 0x000000070ca00000, 0x000000070ca00000| Untracked 
|  84|0x000000070cc00000, 0x000000070cc00000, 0x000000070ce00000|  0%| F|  |TAMS 0x000000070cc00000, 0x000000070cc00000| Untracked 
|  85|0x000000070ce00000, 0x000000070ce00000, 0x000000070d000000|  0%| F|  |TAMS 0x000000070ce00000, 0x000000070ce00000| Untracked 
|  86|0x000000070d000000, 0x000000070d000000, 0x000000070d200000|  0%| F|  |TAMS 0x000000070d000000, 0x000000070d000000| Untracked 
|  87|0x000000070d200000, 0x000000070d200000, 0x000000070d400000|  0%| F|  |TAMS 0x000000070d200000, 0x000000070d200000| Untracked 
|  88|0x000000070d400000, 0x000000070d400000, 0x000000070d600000|  0%| F|  |TAMS 0x000000070d400000, 0x000000070d400000| Untracked 
|  89|0x000000070d600000, 0x000000070d600000, 0x000000070d800000|  0%| F|  |TAMS 0x000000070d600000, 0x000000070d600000| Untracked 
|  90|0x000000070d800000, 0x000000070d800000, 0x000000070da00000|  0%| F|  |TAMS 0x000000070d800000, 0x000000070d800000| Untracked 
|  91|0x000000070da00000, 0x000000070da00000, 0x000000070dc00000|  0%| F|  |TAMS 0x000000070da00000, 0x000000070da00000| Untracked 
|  92|0x000000070dc00000, 0x000000070dc00000, 0x000000070de00000|  0%| F|  |TAMS 0x000000070dc00000, 0x000000070dc00000| Untracked 
|  93|0x000000070de00000, 0x000000070df00800, 0x000000070e000000| 50%| E|  |TAMS 0x000000070de00000, 0x000000070de00000| Complete 
|  94|0x000000070e000000, 0x000000070e200000, 0x000000070e200000|100%| E|CS|TAMS 0x000000070e000000, 0x000000070e000000| Complete 
|  95|0x000000070e200000, 0x000000070e400000, 0x000000070e400000|100%| E|CS|TAMS 0x000000070e200000, 0x000000070e200000| Complete 
|  96|0x000000070e400000, 0x000000070e5e5a40, 0x000000070e600000| 94%| S|CS|TAMS 0x000000070e400000, 0x000000070e400000| Complete 
|  97|0x000000070e600000, 0x000000070e800000, 0x000000070e800000|100%| E|CS|TAMS 0x000000070e600000, 0x000000070e600000| Complete 
| 126|0x0000000712000000, 0x0000000712200000, 0x0000000712200000|100%| E|CS|TAMS 0x0000000712000000, 0x0000000712000000| Complete 

Card table byte_map: [0x0000021cdfd80000,0x0000021ce0570000] _byte_map_base: 0x0000021cdc56e000

Marking Bits (Prev, Next): (CMBitMap*) 0x0000021cccbe4b20, (CMBitMap*) 0x0000021cccbe4ae0
 Prev Bits: [0x0000021ce4cd0000, 0x0000021ce8c40000)
 Next Bits: [0x0000021ce0d60000, 0x0000021ce4cd0000)

Polling page: 0x0000021ccc340000

Metaspace:

Usage:
  Non-class:     52.11 MB used.
      Class:      6.80 MB used.
       Both:     58.91 MB used.

Virtual space:
  Non-class space:       56.00 MB reserved,      52.25 MB ( 93%) committed,  7 nodes.
      Class space:        1.00 GB reserved,       6.94 MB ( <1%) committed,  1 nodes.
             Both:        1.05 GB reserved,      59.19 MB (  5%) committed. 

Chunk freelists:
   Non-Class:  2.97 MB
       Class:  1.02 MB
        Both:  3.98 MB

MaxMetaspaceSize: unlimited
CompressedClassSpaceSize: 1.00 GB
Initial GC threshold: 21.00 MB
Current GC threshold: 98.38 MB
CDS: off
MetaspaceReclaimPolicy: balanced
 - commit_granule_bytes: 65536.
 - commit_granule_words: 8192.
 - virtual_space_node_default_size: 1048576.
 - enlarge_chunks_in_place: 1.
 - new_chunks_are_fully_committed: 0.
 - uncommit_free_chunks: 1.
 - use_allocation_guard: 0.
 - handle_deallocations: 1.


Internal statistics:

num_allocs_failed_limit: 9.
num_arena_births: 288.
num_arena_deaths: 0.
num_vsnodes_births: 8.
num_vsnodes_deaths: 0.
num_space_committed: 945.
num_space_uncommitted: 0.
num_chunks_returned_to_freelist: 9.
num_chunks_taken_from_freelist: 2141.
num_chunk_merges: 9.
num_chunk_splits: 1697.
num_chunks_enlarged: 1462.
num_purges: 0.
num_inconsistent_stats: 0.

CodeHeap 'non-profiled nmethods': size=120000Kb used=4010Kb max_used=4010Kb free=115989Kb
 bounds [0x0000021cd7b10000, 0x0000021cd7f00000, 0x0000021cdf040000]
CodeHeap 'profiled nmethods': size=120000Kb used=19189Kb max_used=19189Kb free=100810Kb
 bounds [0x0000021cd0040000, 0x0000021cd1300000, 0x0000021cd7570000]
CodeHeap 'non-nmethods': size=5760Kb used=1309Kb max_used=1394Kb free=4450Kb
 bounds [0x0000021cd7570000, 0x0000021cd77e0000, 0x0000021cd7b10000]
 total_blobs=8373 nmethods=7748 adapters=535
 compilation: enabled
              stopped_count=0, restarted_count=0
 full_count=0

Compilation events (20 events):
Event: 4.057 Thread 0x0000021cec4a01b0 nmethod 8611 0x0000021cd12cee90 code [0x0000021cd12cf040, 0x0000021cd12cf268]
Event: 4.057 Thread 0x0000021cec4a01b0 8606       3       org.jetbrains.kotlin.metadata.ProtoBuf$Type::hasOuterTypeId (20 bytes)
Event: 4.057 Thread 0x0000021cec4a01b0 nmethod 8606 0x0000021cd12cf390 code [0x0000021cd12cf520, 0x0000021cd12cf698]
Event: 4.057 Thread 0x0000021cec4a01b0 8607       3       org.jetbrains.kotlin.metadata.ProtoBuf$Type::hasAbbreviatedTypeId (20 bytes)
Event: 4.057 Thread 0x0000021cec4a01b0 nmethod 8607 0x0000021cd12cf710 code [0x0000021cd12cf8a0, 0x0000021cd12cfa18]
Event: 4.057 Thread 0x0000021cec4a01b0 8575       3       org.jetbrains.kotlin.resolve.calls.context.TemporaryTraceAndCache::commit (15 bytes)
Event: 4.057 Thread 0x0000021cec4a01b0 nmethod 8575 0x0000021cd12cfa90 code [0x0000021cd12cfca0, 0x0000021cd12d03d8]
Event: 4.057 Thread 0x0000021cec4a01b0 8576       3       org.jetbrains.kotlin.resolve.calls.context.TemporaryResolutionResultsCache::commit (54 bytes)
Event: 4.058 Thread 0x0000021cec4a01b0 nmethod 8576 0x0000021cd12d0690 code [0x0000021cd12d09a0, 0x0000021cd12d1c18]
Event: 4.058 Thread 0x0000021cec4a01b0 8585       1       org.jetbrains.kotlin.com.intellij.lang.impl.PsiBuilderImpl::access$400 (5 bytes)
Event: 4.058 Thread 0x0000021cec4a01b0 nmethod 8585 0x0000021cd7ef9990 code [0x0000021cd7ef9b20, 0x0000021cd7ef9bd8]
Event: 4.058 Thread 0x0000021cec4a01b0 8603       1       org.jetbrains.kotlin.resolve.calls.util.CallMaker$CallImpl::getValueArgumentList (2 bytes)
Event: 4.058 Thread 0x0000021cec4a01b0 nmethod 8603 0x0000021cd7ef9c90 code [0x0000021cd7ef9e20, 0x0000021cd7ef9ef8]
Event: 4.060 Thread 0x0000021cec4a01b0 8612       3       org.jetbrains.kotlin.resolve.LazyExplicitImportScope::getContributedVariables (42 bytes)
Event: 4.060 Thread 0x0000021cec4a01b0 nmethod 8612 0x0000021cd12d2190 code [0x0000021cd12d2460, 0x0000021cd12d3138]
Event: 4.060 Thread 0x0000021cec4a01b0 8614       3       org.jetbrains.kotlin.parsing.KotlinParserDefinition::createElement (166 bytes)
Event: 4.061 Thread 0x0000021cec4a01b0 nmethod 8614 0x0000021cd12d3590 code [0x0000021cd12d3960, 0x0000021cd12d59d8]
Event: 4.061 Thread 0x0000021cec4a01b0 8613       3       kotlin.sequences.SequencesKt___SequencesKt$filterNotNull$1::invoke (6 bytes)
Event: 4.061 Thread 0x0000021cec4a01b0 nmethod 8613 0x0000021cd12d6190 code [0x0000021cd12d6340, 0x0000021cd12d65d8]
Event: 4.061 Thread 0x0000021cec4a01b0 8615       3       org.jetbrains.kotlin.psi.KtElementImplStub::<init> (14 bytes)

GC Heap History (20 events):
Event: 1.046 GC heap before
{Heap before GC invocations=5 (full 0):
 garbage-first heap   total 55296K, used 18690K [0x0000000702400000, 0x0000000800000000)
  region size 2048K, 6 young (12288K), 5 survivors (10240K)
 Metaspace       used 30100K, committed 30272K, reserved 1081344K
  class space    used 3510K, committed 3584K, reserved 1048576K
}
Event: 1.050 GC heap after
{Heap after GC invocations=6 (full 0):
 garbage-first heap   total 55296K, used 17727K [0x0000000702400000, 0x0000000800000000)
  region size 2048K, 1 young (2048K), 1 survivors (2048K)
 Metaspace       used 30100K, committed 30272K, reserved 1081344K
  class space    used 3510K, committed 3584K, reserved 1048576K
}
Event: 1.230 GC heap before
{Heap before GC invocations=6 (full 0):
 garbage-first heap   total 55296K, used 40255K [0x0000000702400000, 0x0000000800000000)
  region size 2048K, 12 young (24576K), 1 survivors (2048K)
 Metaspace       used 32104K, committed 32320K, reserved 1081344K
  class space    used 3873K, committed 3968K, reserved 1048576K
}
Event: 1.237 GC heap after
{Heap after GC invocations=7 (full 0):
 garbage-first heap   total 55296K, used 24336K [0x0000000702400000, 0x0000000800000000)
  region size 2048K, 2 young (4096K), 2 survivors (4096K)
 Metaspace       used 32104K, committed 32320K, reserved 1081344K
  class space    used 3873K, committed 3968K, reserved 1048576K
}
Event: 1.379 GC heap before
{Heap before GC invocations=7 (full 0):
 garbage-first heap   total 55296K, used 36624K [0x0000000702400000, 0x0000000800000000)
  region size 2048K, 9 young (18432K), 2 survivors (4096K)
 Metaspace       used 35719K, committed 35968K, reserved 1081344K
  class space    used 4491K, committed 4608K, reserved 1048576K
}
Event: 1.383 GC heap after
{Heap after GC invocations=8 (full 0):
 garbage-first heap   total 157696K, used 25822K [0x0000000702400000, 0x0000000800000000)
  region size 2048K, 1 young (2048K), 1 survivors (2048K)
 Metaspace       used 35719K, committed 35968K, reserved 1081344K
  class space    used 4491K, committed 4608K, reserved 1048576K
}
Event: 1.954 GC heap before
{Heap before GC invocations=9 (full 0):
 garbage-first heap   total 96256K, used 81118K [0x0000000702400000, 0x0000000800000000)
  region size 2048K, 28 young (57344K), 1 survivors (2048K)
 Metaspace       used 45792K, committed 46080K, reserved 1089536K
  class space    used 5493K, committed 5632K, reserved 1048576K
}
Event: 1.963 GC heap after
{Heap after GC invocations=10 (full 0):
 garbage-first heap   total 96256K, used 33350K [0x0000000702400000, 0x0000000800000000)
  region size 2048K, 4 young (8192K), 4 survivors (8192K)
 Metaspace       used 45792K, committed 46080K, reserved 1089536K
  class space    used 5493K, committed 5632K, reserved 1048576K
}
Event: 1.973 GC heap before
{Heap before GC invocations=10 (full 0):
 garbage-first heap   total 96256K, used 35398K [0x0000000702400000, 0x0000000800000000)
  region size 2048K, 5 young (10240K), 4 survivors (8192K)
 Metaspace       used 45794K, committed 46080K, reserved 1089536K
  class space    used 5493K, committed 5632K, reserved 1048576K
}
Event: 1.981 GC heap after
{Heap after GC invocations=11 (full 0):
 garbage-first heap   total 96256K, used 35241K [0x0000000702400000, 0x0000000800000000)
  region size 2048K, 1 young (2048K), 1 survivors (2048K)
 Metaspace       used 45794K, committed 46080K, reserved 1089536K
  class space    used 5493K, committed 5632K, reserved 1048576K
}
Event: 2.208 GC heap before
{Heap before GC invocations=11 (full 0):
 garbage-first heap   total 96256K, used 65961K [0x0000000702400000, 0x0000000800000000)
  region size 2048K, 17 young (34816K), 1 survivors (2048K)
 Metaspace       used 48640K, committed 48896K, reserved 1097728K
  class space    used 5826K, committed 5952K, reserved 1048576K
}
Event: 2.215 GC heap after
{Heap after GC invocations=12 (full 0):
 garbage-first heap   total 96256K, used 39109K [0x0000000702400000, 0x0000000800000000)
  region size 2048K, 3 young (6144K), 3 survivors (6144K)
 Metaspace       used 48640K, committed 48896K, reserved 1097728K
  class space    used 5826K, committed 5952K, reserved 1048576K
}
Event: 2.426 GC heap before
{Heap before GC invocations=12 (full 0):
 garbage-first heap   total 96256K, used 69829K [0x0000000702400000, 0x0000000800000000)
  region size 2048K, 17 young (34816K), 3 survivors (6144K)
 Metaspace       used 50755K, committed 51072K, reserved 1097728K
  class space    used 6053K, committed 6208K, reserved 1048576K
}
Event: 2.434 GC heap after
{Heap after GC invocations=13 (full 0):
 garbage-first heap   total 96256K, used 45055K [0x0000000702400000, 0x0000000800000000)
  region size 2048K, 2 young (4096K), 2 survivors (4096K)
 Metaspace       used 50755K, committed 51072K, reserved 1097728K
  class space    used 6053K, committed 6208K, reserved 1048576K
}
Event: 2.697 GC heap before
{Heap before GC invocations=13 (full 0):
 garbage-first heap   total 96256K, used 71679K [0x0000000702400000, 0x0000000800000000)
  region size 2048K, 15 young (30720K), 2 survivors (4096K)
 Metaspace       used 54369K, committed 54656K, reserved 1097728K
  class space    used 6461K, committed 6592K, reserved 1048576K
}
Event: 2.707 GC heap after
{Heap after GC invocations=14 (full 0):
 garbage-first heap   total 202752K, used 48703K [0x0000000702400000, 0x0000000800000000)
  region size 2048K, 2 young (4096K), 2 survivors (4096K)
 Metaspace       used 54369K, committed 54656K, reserved 1097728K
  class space    used 6461K, committed 6592K, reserved 1048576K
}
Event: 3.880 GC heap before
{Heap before GC invocations=14 (full 0):
 garbage-first heap   total 202752K, used 128575K [0x0000000702400000, 0x0000000800000000)
  region size 2048K, 41 young (83968K), 2 survivors (4096K)
 Metaspace       used 59845K, committed 60096K, reserved 1105920K
  class space    used 6920K, committed 7040K, reserved 1048576K
}
Event: 3.893 GC heap after
{Heap after GC invocations=15 (full 0):
 garbage-first heap   total 202752K, used 62442K [0x0000000702400000, 0x0000000800000000)
  region size 2048K, 6 young (12288K), 6 survivors (12288K)
 Metaspace       used 59845K, committed 60096K, reserved 1105920K
  class space    used 6920K, committed 7040K, reserved 1048576K
}
Event: 3.928 GC heap before
{Heap before GC invocations=15 (full 0):
 garbage-first heap   total 202752K, used 64490K [0x0000000702400000, 0x0000000800000000)
  region size 2048K, 8 young (16384K), 6 survivors (12288K)
 Metaspace       used 59935K, committed 60160K, reserved 1105920K
  class space    used 6927K, committed 7040K, reserved 1048576K
}
Event: 3.934 GC heap after
{Heap after GC invocations=16 (full 0):
 garbage-first heap   total 202752K, used 64243K [0x0000000702400000, 0x0000000800000000)
  region size 2048K, 1 young (2048K), 1 survivors (2048K)
 Metaspace       used 59935K, committed 60160K, reserved 1105920K
  class space    used 6927K, committed 7040K, reserved 1048576K
}

Dll operation events (2 events):
Event: 0.005 Loaded shared library C:\Program Files\Android\Android Studio\jbr\bin\java.dll
Event: 0.614 Loaded shared library C:\Program Files\Android\Android Studio\jbr\bin\verify.dll

Deoptimization events (20 events):
Event: 3.867 Thread 0x0000021cccb770c0 DEOPT PACKING pc=0x0000021cd7ecb6d8 sp=0x00000087006f00f0
Event: 3.867 Thread 0x0000021cccb770c0 DEOPT UNPACKING pc=0x0000021cd75c69a3 sp=0x00000087006f00b0 mode 2
Event: 3.868 Thread 0x0000021cccb770c0 Uncommon trap: trap_request=0xffffff45 fr.pc=0x0000021cd7ea2c84 relative=0x0000000000002b24
Event: 3.868 Thread 0x0000021cccb770c0 Uncommon trap: reason=unstable_if action=reinterpret pc=0x0000021cd7ea2c84 method=org.jetbrains.org.objectweb.asm.ClassReader.readConst(I[C)Ljava/lang/Object; @ 15 c2
Event: 3.868 Thread 0x0000021cccb770c0 DEOPT PACKING pc=0x0000021cd7ea2c84 sp=0x00000087006ef2c0
Event: 3.868 Thread 0x0000021cccb770c0 DEOPT UNPACKING pc=0x0000021cd75c69a3 sp=0x00000087006ef198 mode 2
Event: 3.870 Thread 0x0000021cccb770c0 DEOPT PACKING pc=0x0000021cd0861acf sp=0x00000087006f09e0
Event: 3.870 Thread 0x0000021cccb770c0 DEOPT UNPACKING pc=0x0000021cd75c7143 sp=0x00000087006efea0 mode 0
Event: 3.906 Thread 0x0000021cccb770c0 Uncommon trap: trap_request=0xffffff45 fr.pc=0x0000021cd7ec216c relative=0x000000000000006c
Event: 3.906 Thread 0x0000021cccb770c0 Uncommon trap: reason=unstable_if action=reinterpret pc=0x0000021cd7ec216c method=org.jetbrains.kotlin.types.TypeUtils.noExpectedType(Lorg/jetbrains/kotlin/types/KotlinType;)Z @ 19 c2
Event: 3.906 Thread 0x0000021cccb770c0 DEOPT PACKING pc=0x0000021cd7ec216c sp=0x00000087006efbb0
Event: 3.906 Thread 0x0000021cccb770c0 DEOPT UNPACKING pc=0x0000021cd75c69a3 sp=0x00000087006efb48 mode 2
Event: 3.947 Thread 0x0000021cccb770c0 Uncommon trap: trap_request=0xffffff45 fr.pc=0x0000021cd7e686a0 relative=0x0000000000000340
Event: 3.947 Thread 0x0000021cccb770c0 Uncommon trap: reason=unstable_if action=reinterpret pc=0x0000021cd7e686a0 method=org.jetbrains.kotlin.psi.KtQualifiedExpression.getExpression(Z)Lorg/jetbrains/kotlin/psi/KtExpression; @ 59 c2
Event: 3.947 Thread 0x0000021cccb770c0 DEOPT PACKING pc=0x0000021cd7e686a0 sp=0x00000087006f3630
Event: 3.947 Thread 0x0000021cccb770c0 DEOPT UNPACKING pc=0x0000021cd75c69a3 sp=0x00000087006f35b0 mode 2
Event: 4.030 Thread 0x0000021cccb770c0 Uncommon trap: trap_request=0xffffffcc fr.pc=0x0000021cd7ee9a74 relative=0x0000000000003194
Event: 4.030 Thread 0x0000021cccb770c0 Uncommon trap: reason=intrinsic_or_type_checked_inlining action=make_not_entrant pc=0x0000021cd7ee9a74 method=java.util.ArrayList$SubList.toArray([Ljava/lang/Object;)[Ljava/lang/Object; @ 58 c2
Event: 4.030 Thread 0x0000021cccb770c0 DEOPT PACKING pc=0x0000021cd7ee9a74 sp=0x00000087006f1660
Event: 4.030 Thread 0x0000021cccb770c0 DEOPT UNPACKING pc=0x0000021cd75c69a3 sp=0x00000087006f1600 mode 2

Classes unloaded (0 events):
No events

Classes redefined (0 events):
No events

Internal exceptions (20 events):
Event: 2.040 Thread 0x0000021cccb770c0 Exception <a 'java/lang/NoSuchMethodError'{0x000000070784cad0}: 'java.lang.Object java.lang.invoke.DirectMethodHandle$Holder.invokeSpecial(java.lang.Object, java.lang.Object, java.lang.Object, java.lang.Object, int)'> (0x000000070784cad0) 
thrown [s\src\hotspot\share\interpreter\linkResolver.cpp, line 771]
Event: 2.040 Thread 0x0000021cccb770c0 Exception <a 'java/lang/NoSuchMethodError'{0x0000000707850940}: 'java.lang.Object java.lang.invoke.Invokers$Holder.linkToTargetMethod(java.lang.Object, java.lang.Object, int, java.lang.Object)'> (0x0000000707850940) 
thrown [s\src\hotspot\share\interpreter\linkResolver.cpp, line 771]
Event: 2.533 Thread 0x0000021cccb770c0 Exception <a 'java/lang/NoSuchMethodError'{0x00000007079deb40}: 'java.lang.Object java.lang.invoke.DirectMethodHandle$Holder.newInvokeSpecial(java.lang.Object, java.lang.Object, java.lang.Object, java.lang.Object, java.lang.Object, java.lang.Object)'> (0x00000007079deb40) 
thrown [s\src\hotspot\share\interpreter\linkResolver.cpp, line 771]
Event: 2.567 Thread 0x0000021cccb770c0 Implicit null exception at 0x0000021cd7d74d3d to 0x0000021cd7d752a8
Event: 2.953 Thread 0x0000021cccb770c0 Exception <a 'java/lang/NoSuchMethodError'{0x000000070df91178}: 'java.lang.Object java.lang.invoke.DirectMethodHandle$Holder.invokeStaticInit(java.lang.Object, java.lang.Object, java.lang.Object)'> (0x000000070df91178) 
thrown [s\src\hotspot\share\interpreter\linkResolver.cpp, line 771]
Event: 3.230 Thread 0x0000021cccb770c0 Exception <a 'java/lang/NoSuchMethodError'{0x000000070c4d9e48}: 'java.lang.Object java.lang.invoke.DirectMethodHandle$Holder.newInvokeSpecial(java.lang.Object, int, java.lang.Object)'> (0x000000070c4d9e48) 
thrown [s\src\hotspot\share\interpreter\linkResolver.cpp, line 771]
Event: 3.230 Thread 0x0000021cccb770c0 Exception <a 'java/lang/NoSuchMethodError'{0x000000070c4e01f0}: 'int java.lang.invoke.DirectMethodHandle$Holder.invokeInterface(java.lang.Object, java.lang.Object)'> (0x000000070c4e01f0) 
thrown [s\src\hotspot\share\interpreter\linkResolver.cpp, line 771]
Event: 3.237 Thread 0x0000021cccb770c0 Implicit null exception at 0x0000021cd7b5d3eb to 0x0000021cd7b5d5cc
Event: 3.237 Thread 0x0000021cccb770c0 Implicit null exception at 0x0000021cd7b8c68f to 0x0000021cd7b8c709
Event: 3.304 Thread 0x0000021cccb770c0 Exception <a 'java/lang/NoSuchMethodError'{0x000000070bd2a118}: 'java.lang.Object java.lang.invoke.DirectMethodHandle$Holder.invokeStatic(java.lang.Object, int, java.lang.Object)'> (0x000000070bd2a118) 
thrown [s\src\hotspot\share\interpreter\linkResolver.cpp, line 771]
Event: 3.424 Thread 0x0000021cccb770c0 Implicit null exception at 0x0000021cd7cabdf7 to 0x0000021cd7cabef6
Event: 3.519 Thread 0x0000021cccb770c0 Implicit null exception at 0x0000021cd7bbf5a0 to 0x0000021cd7bbf71c
Event: 3.519 Thread 0x0000021cccb770c0 Implicit null exception at 0x0000021cd7b77b58 to 0x0000021cd7b77bee
Event: 3.542 Thread 0x0000021cccb770c0 Implicit null exception at 0x0000021cd7b2a0f2 to 0x0000021cd7b2a6d0
Event: 3.552 Thread 0x0000021cccb770c0 Exception <a 'java/lang/NoSuchMethodError'{0x000000070ad3dc90}: 'java.lang.Object java.lang.invoke.DirectMethodHandle$Holder.invokeInterface(java.lang.Object, java.lang.Object, java.lang.Object)'> (0x000000070ad3dc90) 
thrown [s\src\hotspot\share\interpreter\linkResolver.cpp, line 771]
Event: 3.552 Thread 0x0000021cccb770c0 Exception <a 'java/lang/IncompatibleClassChangeError'{0x000000070ad41600}: Found class java.lang.Object, but interface was expected> (0x000000070ad41600) 
thrown [s\src\hotspot\share\interpreter\linkResolver.cpp, line 838]
Event: 3.558 Thread 0x0000021cccb770c0 Implicit null exception at 0x0000021cd7b2b572 to 0x0000021cd7b2bb64
Event: 3.660 Thread 0x0000021cccb770c0 Exception <a 'java/lang/NoSuchMethodError'{0x000000070a9448f0}: 'java.lang.Object java.lang.invoke.DirectMethodHandle$Holder.newInvokeSpecial(java.lang.Object, java.lang.Object, java.lang.Object, java.lang.Object, java.lang.Object, java.lang.Object, java.lang.Object)'> (0x000000070a9448f0) 
thrown [s\src\hotspot\share\interpreter\linkResolver.cpp, line 771]
Event: 3.660 Thread 0x0000021cccb770c0 Exception <a 'java/lang/NoSuchMethodError'{0x000000070a949750}: 'java.lang.Object java.lang.invoke.Invokers$Holder.linkToTargetMethod(java.lang.Object, java.lang.Object, java.lang.Object, java.lang.Object, java.lang.Object, java.lang.Object, java.lang.Object)'> (0x000000070a949750) 
thrown [s\src\hotspot\share\interpreter\linkResolver.cpp, line 771]
Event: 3.831 Thread 0x0000021cccb770c0 Exception <a 'java/lang/NoSuchMethodError'{0x000000070a361b20}: 'int java.lang.invoke.DirectMethodHandle$Holder.invokeStaticInit(java.lang.Object, int)'> (0x000000070a361b20) 
thrown [s\src\hotspot\share\interpreter\linkResolver.cpp, line 771]

VM Operations (20 events):
Event: 3.795 Executing VM operation: ICBufferFull
Event: 3.795 Executing VM operation: ICBufferFull done
Event: 3.824 Executing VM operation: ICBufferFull
Event: 3.824 Executing VM operation: ICBufferFull done
Event: 3.834 Executing VM operation: HandshakeAllThreads
Event: 3.834 Executing VM operation: HandshakeAllThreads done
Event: 3.842 Executing VM operation: HandshakeAllThreads
Event: 3.842 Executing VM operation: HandshakeAllThreads done
Event: 3.843 Executing VM operation: HandshakeAllThreads
Event: 3.843 Executing VM operation: HandshakeAllThreads done
Event: 3.880 Executing VM operation: G1CollectForAllocation
Event: 3.894 Executing VM operation: G1CollectForAllocation done
Event: 3.927 Executing VM operation: CollectForMetadataAllocation
Event: 3.934 Executing VM operation: CollectForMetadataAllocation done
Event: 3.953 Executing VM operation: G1Concurrent
Event: 3.956 Executing VM operation: G1Concurrent done
Event: 3.966 Executing VM operation: G1Concurrent
Event: 3.966 Executing VM operation: G1Concurrent done
Event: 4.021 Executing VM operation: ICBufferFull
Event: 4.021 Executing VM operation: ICBufferFull done

Events (20 events):
Event: 3.162 Thread 0x0000021cec4a0ba0 flushing nmethod 0x0000021cd0b3f810
Event: 3.162 Thread 0x0000021cec4a0ba0 flushing nmethod 0x0000021cd0b61f10
Event: 3.162 Thread 0x0000021cec4a0ba0 flushing nmethod 0x0000021cd0b6ee90
Event: 3.162 Thread 0x0000021cec4a0ba0 flushing nmethod 0x0000021cd0b77710
Event: 3.162 Thread 0x0000021cec4a0ba0 flushing nmethod 0x0000021cd0b86310
Event: 3.162 Thread 0x0000021cec4a0ba0 flushing nmethod 0x0000021cd0b8c710
Event: 3.480 Thread 0x0000021cec4a0ba0 flushing nmethod 0x0000021cd01d9010
Event: 3.480 Thread 0x0000021cec4a0ba0 flushing nmethod 0x0000021cd01e1b10
Event: 3.480 Thread 0x0000021cec4a0ba0 flushing nmethod 0x0000021cd01f0510
Event: 3.482 Thread 0x0000021cec4a0ba0 flushing nmethod 0x0000021cd0684190
Event: 3.483 Thread 0x0000021cec4a0ba0 flushing nmethod 0x0000021cd077e790
Event: 3.483 Thread 0x0000021cec4a0ba0 flushing nmethod 0x0000021cd0837a90
Event: 3.483 Thread 0x0000021cec4a0ba0 flushing nmethod 0x0000021cd0863410
Event: 3.483 Thread 0x0000021cec4a0ba0 flushing nmethod 0x0000021cd087ad10
Event: 3.483 Thread 0x0000021cec4a0ba0 flushing nmethod 0x0000021cd08af590
Event: 3.483 Thread 0x0000021cec4a0ba0 flushing nmethod 0x0000021cd08b3a90
Event: 3.484 Thread 0x0000021cec4a0ba0 flushing nmethod 0x0000021cd0923910
Event: 3.484 Thread 0x0000021cec4a0ba0 flushing nmethod 0x0000021cd0931890
Event: 3.484 Thread 0x0000021cec4a0ba0 flushing nmethod 0x0000021cd0985890
Event: 3.485 Thread 0x0000021cec4a0ba0 flushing nmethod 0x0000021cd0b23f10


Dynamic libraries:
0x00007ff7ec730000 - 0x00007ff7ec73a000 	C:\Program Files\Android\Android Studio\jbr\bin\java.exe
0x00007ff840c30000 - 0x00007ff840e47000 	C:\Windows\SYSTEM32\ntdll.dll
0x00007ff83fd80000 - 0x00007ff83fe44000 	C:\Windows\System32\KERNEL32.DLL
0x00007ff83e140000 - 0x00007ff83e4e5000 	C:\Windows\System32\KERNELBASE.dll
0x00007ff83e020000 - 0x00007ff83e131000 	C:\Windows\System32\ucrtbase.dll
0x00007ff8221c0000 - 0x00007ff8221d7000 	C:\Program Files\Android\Android Studio\jbr\bin\jli.dll
0x00007ff838cf0000 - 0x00007ff838d0b000 	C:\Program Files\Android\Android Studio\jbr\bin\VCRUNTIME140.dll
0x00007ff83ea60000 - 0x00007ff83ec0e000 	C:\Windows\System32\USER32.dll
0x00007ff83e5b0000 - 0x00007ff83e5d6000 	C:\Windows\System32\win32u.dll
0x00007ff83d160000 - 0x00007ff83d3f3000 	C:\Windows\WinSxS\amd64_microsoft.windows.common-controls_6595b64144ccf1df_6.0.22621.2506_none_270c5ae97388e100\COMCTL32.dll
0x00007ff840920000 - 0x00007ff840949000 	C:\Windows\System32\GDI32.dll
0x00007ff83ec10000 - 0x00007ff83ecb7000 	C:\Windows\System32\msvcrt.dll
0x00007ff83e860000 - 0x00007ff83e979000 	C:\Windows\System32\gdi32full.dll
0x00007ff83e750000 - 0x00007ff83e7ea000 	C:\Windows\System32\msvcp_win.dll
0x00007ff8402a0000 - 0x00007ff8402d1000 	C:\Windows\System32\IMM32.DLL
0x00007ff8390b0000 - 0x00007ff8390bc000 	C:\Program Files\Android\Android Studio\jbr\bin\vcruntime140_1.dll
0x00007ff80dc50000 - 0x00007ff80dcdd000 	C:\Program Files\Android\Android Studio\jbr\bin\msvcp140.dll
0x00007ffffee10000 - 0x00007fffffa7e000 	C:\Program Files\Android\Android Studio\jbr\bin\server\jvm.dll
0x00007ff8409c0000 - 0x00007ff840a71000 	C:\Windows\System32\ADVAPI32.dll
0x00007ff83eec0000 - 0x00007ff83ef66000 	C:\Windows\System32\sechost.dll
0x00007ff840800000 - 0x00007ff840917000 	C:\Windows\System32\RPCRT4.dll
0x00007ff838120000 - 0x00007ff838129000 	C:\Windows\SYSTEM32\WSOCK32.dll
0x00007ff82ed40000 - 0x00007ff82ed74000 	C:\Windows\SYSTEM32\WINMM.dll
0x00007ff840220000 - 0x00007ff840291000 	C:\Windows\System32\WS2_32.dll
0x00007ff836480000 - 0x00007ff83648a000 	C:\Windows\SYSTEM32\VERSION.dll
0x00007ff83c8c0000 - 0x00007ff83c8d8000 	C:\Windows\SYSTEM32\kernel.appcore.dll
0x00007ff838ca0000 - 0x00007ff838caa000 	C:\Program Files\Android\Android Studio\jbr\bin\jimage.dll
0x00007ff83d820000 - 0x00007ff83da53000 	C:\Windows\SYSTEM32\DBGHELP.DLL
0x00007ff8402e0000 - 0x00007ff840669000 	C:\Windows\System32\combase.dll
0x00007ff83e980000 - 0x00007ff83ea57000 	C:\Windows\System32\OLEAUT32.dll
0x00007ff83d6e0000 - 0x00007ff83d712000 	C:\Windows\SYSTEM32\dbgcore.DLL
0x00007ff83dfa0000 - 0x00007ff83e01a000 	C:\Windows\System32\bcryptPrimitives.dll
0x00007ff822cd0000 - 0x00007ff822cf5000 	C:\Program Files\Android\Android Studio\jbr\bin\java.dll
0x00007ff822ab0000 - 0x00007ff822ac8000 	C:\Program Files\Android\Android Studio\jbr\bin\zip.dll
0x00007ff83f020000 - 0x00007ff83f879000 	C:\Windows\System32\SHELL32.dll
0x00007ff83b4b0000 - 0x00007ff83bda4000 	C:\Windows\SYSTEM32\windows.storage.dll
0x00007ff83b340000 - 0x00007ff83b47e000 	C:\Windows\SYSTEM32\wintypes.dll
0x00007ff840120000 - 0x00007ff840213000 	C:\Windows\System32\SHCORE.dll
0x00007ff840b90000 - 0x00007ff840bee000 	C:\Windows\System32\shlwapi.dll
0x00007ff83ded0000 - 0x00007ff83def6000 	C:\Windows\SYSTEM32\profapi.dll
0x00007ff822250000 - 0x00007ff822269000 	C:\Program Files\Android\Android Studio\jbr\bin\net.dll
0x00007ff836280000 - 0x00007ff8363b7000 	C:\Windows\SYSTEM32\WINHTTP.dll
0x00007ff83cd00000 - 0x00007ff83cd69000 	C:\Windows\system32\mswsock.dll
0x00007ff822230000 - 0x00007ff822246000 	C:\Program Files\Android\Android Studio\jbr\bin\nio.dll
0x00007ff833420000 - 0x00007ff833430000 	C:\Program Files\Android\Android Studio\jbr\bin\verify.dll

dbghelp: loaded successfully - version: 4.0.5 - missing functions: none
symbol engine: initialized successfully - sym options: 0x614 - pdb path: .;C:\Program Files\Android\Android Studio\jbr\bin;C:\Windows\SYSTEM32;C:\Windows\WinSxS\amd64_microsoft.windows.common-controls_6595b64144ccf1df_6.0.22621.2506_none_270c5ae97388e100;C:\Program Files\Android\Android Studio\jbr\bin\server

VM Arguments:
java_command: org.jetbrains.kotlin.cli.jvm.K2JVMCompiler @C:\Users\hsr49\AndroidStudioProjects\Reynosaapp\app\build\20231129_3034688446137918686.compiler.options
java_class_path (initial): C:\Users\hsr49\.gradle\caches\modules-2\files-2.1\org.jetbrains.kotlin\kotlin-compiler-embeddable\1.8.10\b0757fd774344d54ce93f5ad6c30ba1c1731c8ff\kotlin-compiler-embeddable-1.8.10.jar;C:\Users\hsr49\.gradle\caches\modules-2\files-2.1\org.jetbrains.kotlin\kotlin-stdlib\1.8.10\6d5560a229477df9406943d5feda5618e98eb64c\kotlin-stdlib-1.8.10.jar;C:\Users\hsr49\.gradle\caches\modules-2\files-2.1\org.jetbrains.kotlin\kotlin-script-runtime\1.8.10\b13ea9c7e46d589139e56086a878763290e20bd5\kotlin-script-runtime-1.8.10.jar;C:\Users\hsr49\.gradle\caches\modules-2\files-2.1\org.jetbrains.kotlin\kotlin-reflect\1.6.10\1cbe9c92c12a94eea200d23c2bbaedaf3daf5132\kotlin-reflect-1.6.10.jar;C:\Users\hsr49\.gradle\caches\modules-2\files-2.1\org.jetbrains.kotlin\kotlin-daemon-embeddable\1.8.10\ad8541d9bc1cf9e52c3204161247910c2cf601d4\kotlin-daemon-embeddable-1.8.10.jar;C:\Users\hsr49\.gradle\caches\modules-2\files-2.1\org.jetbrains.intellij.deps\trove4j\1.0.20200330\3afb14d5f9ceb459d724e907a21145e8ff394f02\trove4j-1.0.20200330.jar;C:\Users\hsr49\.gradle\caches\modules-2\files-2.1\net.java.dev.jna\jna\5.6.0\330f2244e9030119ab3030fc3fededc86713d9cc\jna-5.6.0.jar;C:\Users\hsr49\.gradle\caches\modules-2\files-2.1\org.jetbrains.kotlin\kotlin-stdlib-common\1.8.10\a61b182458550492c12aee66157d7b524a63a5ec\kotlin-stdlib-common-1.8.10.jar;C:\Users\hsr49\.gradle\caches\modules-2\files-2.1\org.jetbrains\annotations\13.0\919f0dfe192fb4e063e7dacadee7f8bb9a2672a9\annotations-13.0.jar
Launcher Type: SUN_STANDARD

[Global flags]
     intx CICompilerCount                          = 4                                         {product} {ergonomic}
     uint ConcGCThreads                            = 3                                         {product} {ergonomic}
     uint G1ConcRefinementThreads                  = 10                                        {product} {ergonomic}
   size_t G1HeapRegionSize                         = 2097152                                   {product} {ergonomic}
    uintx GCDrainStackTargetSize                   = 64                                        {product} {ergonomic}
   size_t InitialHeapSize                          = 266338304                                 {product} {ergonomic}
   size_t MarkStackSize                            = 4194304                                   {product} {ergonomic}
   size_t MaxHeapSize                              = 4257218560                                {product} {ergonomic}
   size_t MaxNewSize                               = 2554331136                                {product} {ergonomic}
   size_t MinHeapDeltaBytes                        = 2097152                                   {product} {ergonomic}
   size_t MinHeapSize                              = 8388608                                   {product} {ergonomic}
    uintx NonNMethodCodeHeapSize                   = 5839372                                {pd product} {ergonomic}
    uintx NonProfiledCodeHeapSize                  = 122909434                              {pd product} {ergonomic}
    uintx ProfiledCodeHeapSize                     = 122909434                              {pd product} {ergonomic}
    uintx ReservedCodeCacheSize                    = 251658240                              {pd product} {ergonomic}
     bool SegmentedCodeCache                       = true                                      {product} {ergonomic}
   size_t SoftMaxHeapSize                          = 4257218560                             {manageable} {ergonomic}
     bool UseCompressedClassPointers               = true                           {product lp64_product} {ergonomic}
     bool UseCompressedOops                        = true                           {product lp64_product} {ergonomic}
     bool UseG1GC                                  = true                                      {product} {ergonomic}
     bool UseLargePagesIndividualAllocation        = false                                  {pd product} {ergonomic}

Logging:
Log output configuration:
 #0: stdout all=warning uptime,level,tags
 #1: stderr all=off uptime,level,tags

Environment Variables:
PATH=C:\Program Files (x86)\Common Files\Oracle\Java\javapath;C:\Program Files (x86)\NVIDIA Corporation\PhysX\Common;C:\Windows\system32;C:\Windows;C:\Windows\System32\Wbem;C:\Windows\System32\WindowsPowerShell\v1.0\;C:\Windows\System32\OpenSSH\;C:\Program Files\Git\cmd;C:\Program Files\nodejs\;C:\Users\hsr49\AppData\Local\Microsoft\WindowsApps;;C:\Users\hsr49\AppData\Local\Programs\Microsoft VS Code\bin;C:\Users\hsr49\AppData\Roaming\npm
USERNAME=hsr49
OS=Windows_NT
PROCESSOR_IDENTIFIER=AMD64 Family 25 Model 80 Stepping 0, AuthenticAMD
TMP=C:\Users\hsr49\AppData\Local\Temp
TEMP=C:\Users\hsr49\AppData\Local\Temp


JNI global refs:
JNI global refs: 13, weak refs: 7

JNI global refs memory usage: 843, weak refs: 841


---------------  S Y S T E M  ---------------

OS:
 Windows 11 , 64 bit Build 22621 (10.0.22621.2506)
OS uptime: 6 days 3:22 hours

CPU: total 12 (initial active 12) (12 cores per cpu, 2 threads per core) family 25 model 80 stepping 0 microcode 0x0, cx8, cmov, fxsr, ht, mmx, 3dnowpref, sse, sse2, sse3, ssse3, sse4a, sse4.1, sse4.2, popcnt, lzcnt, tsc, tscinvbit, avx, avx2, aes, erms, clmul, bmi1, bmi2, adx, sha, fma, vzeroupper, clflush, clflushopt

Memory: 4k page, system-wide physical 16232M (4997M free)
TotalPageFile size 65384M (AvailPageFile size 5M)
current process WorkingSet (physical memory assigned to process): 372M, peak: 372M
current process commit charge ("private bytes"): 429M, peak: 430M

vm_info: OpenJDK 64-Bit Server VM (17.0.6+0-b2043.56-10027231) for windows-amd64 JRE (17.0.6+0-b2043.56-10027231), built on Apr 28 2023 00:43:19 by "androidbuild" with MS VC++ 16.10 / 16.11 (VS2019)

END.
